{"C:\\Users\\manx_\\OneDrive\\Desktop\\ITK\\jest\\linkedList.js": {"path":"C:\\Users\\manx_\\OneDrive\\Desktop\\ITK\\jest\\linkedList.js","statementMap":{"0":{"start":{"line":4,"column":2},"end":{"line":4,"column":25}},"1":{"start":{"line":5,"column":2},"end":{"line":5,"column":18}},"2":{"start":{"line":11,"column":2},"end":{"line":11,"column":19}},"3":{"start":{"line":12,"column":8},"end":{"line":12,"column":25}},"4":{"start":{"line":13,"column":2},"end":{"line":13,"column":16}},"5":{"start":{"line":19,"column":13},"end":{"line":19,"column":30}},"6":{"start":{"line":22,"column":2},"end":{"line":34,"column":3}},"7":{"start":{"line":23,"column":3},"end":{"line":23,"column":20}},"8":{"start":{"line":25,"column":3},"end":{"line":25,"column":23}},"9":{"start":{"line":28,"column":3},"end":{"line":30,"column":4}},"10":{"start":{"line":29,"column":4},"end":{"line":29,"column":27}},"11":{"start":{"line":32,"column":3},"end":{"line":32,"column":23}},"12":{"start":{"line":33,"column":12},"end":{"line":33,"column":39}},"13":{"start":{"line":35,"column":2},"end":{"line":35,"column":14}},"14":{"start":{"line":36,"column":8},"end":{"line":36,"column":20}},"15":{"start":{"line":41,"column":13},"end":{"line":41,"column":30}},"16":{"start":{"line":42,"column":8},"end":{"line":42,"column":30}},"17":{"start":{"line":43,"column":8},"end":{"line":43,"column":25}},"18":{"start":{"line":45,"column":8},"end":{"line":45,"column":20}},"19":{"start":{"line":46,"column":8},"end":{"line":46,"column":35}},"20":{"start":{"line":47,"column":8},"end":{"line":47,"column":20}},"21":{"start":{"line":51,"column":19},"end":{"line":51,"column":36}},"22":{"start":{"line":53,"column":8},"end":{"line":53,"column":28}},"23":{"start":{"line":55,"column":20},"end":{"line":55,"column":21}},"24":{"start":{"line":57,"column":8},"end":{"line":60,"column":9}},"25":{"start":{"line":58,"column":12},"end":{"line":58,"column":35}},"26":{"start":{"line":59,"column":12},"end":{"line":59,"column":24}},"27":{"start":{"line":62,"column":8},"end":{"line":76,"column":9}},"28":{"start":{"line":64,"column":12},"end":{"line":69,"column":13}},"29":{"start":{"line":65,"column":16},"end":{"line":65,"column":24}},"30":{"start":{"line":67,"column":16},"end":{"line":67,"column":31}},"31":{"start":{"line":68,"column":16},"end":{"line":68,"column":39}},"32":{"start":{"line":71,"column":12},"end":{"line":71,"column":32}},"33":{"start":{"line":72,"column":12},"end":{"line":72,"column":29}},"34":{"start":{"line":73,"column":12},"end":{"line":73,"column":24}},"35":{"start":{"line":74,"column":12},"end":{"line":74,"column":39}},"36":{"start":{"line":75,"column":12},"end":{"line":75,"column":23}},"37":{"start":{"line":78,"column":8},"end":{"line":90,"column":9}},"38":{"start":{"line":80,"column":12},"end":{"line":84,"column":13}},"39":{"start":{"line":81,"column":16},"end":{"line":81,"column":24}},"40":{"start":{"line":82,"column":16},"end":{"line":82,"column":31}},"41":{"start":{"line":83,"column":16},"end":{"line":83,"column":39}},"42":{"start":{"line":85,"column":12},"end":{"line":85,"column":32}},"43":{"start":{"line":86,"column":12},"end":{"line":86,"column":29}},"44":{"start":{"line":87,"column":12},"end":{"line":87,"column":24}},"45":{"start":{"line":88,"column":12},"end":{"line":88,"column":39}},"46":{"start":{"line":89,"column":12},"end":{"line":89,"column":23}},"47":{"start":{"line":95,"column":8},"end":{"line":105,"column":9}},"48":{"start":{"line":96,"column":12},"end":{"line":96,"column":27}},"49":{"start":{"line":98,"column":12},"end":{"line":98,"column":39}},"50":{"start":{"line":99,"column":12},"end":{"line":99,"column":24}},"51":{"start":{"line":100,"column":12},"end":{"line":100,"column":39}},"52":{"start":{"line":101,"column":12},"end":{"line":101,"column":24}},"53":{"start":{"line":104,"column":12},"end":{"line":104,"column":39}},"54":{"start":{"line":112,"column":27},"end":{"line":112,"column":28}},"55":{"start":{"line":114,"column":2},"end":{"line":114,"column":22}},"56":{"start":{"line":115,"column":8},"end":{"line":115,"column":27}},"57":{"start":{"line":117,"column":8},"end":{"line":119,"column":9}},"58":{"start":{"line":118,"column":12},"end":{"line":118,"column":40}},"59":{"start":{"line":122,"column":2},"end":{"line":126,"column":3}},"60":{"start":{"line":123,"column":12},"end":{"line":123,"column":31}},"61":{"start":{"line":124,"column":12},"end":{"line":124,"column":34}},"62":{"start":{"line":125,"column":12},"end":{"line":125,"column":27}},"63":{"start":{"line":128,"column":8},"end":{"line":128,"column":37}},"64":{"start":{"line":129,"column":2},"end":{"line":129,"column":14}},"65":{"start":{"line":130,"column":8},"end":{"line":130,"column":35}},"66":{"start":{"line":131,"column":8},"end":{"line":131,"column":20}},"67":{"start":{"line":136,"column":20},"end":{"line":136,"column":21}},"68":{"start":{"line":137,"column":8},"end":{"line":137,"column":28}},"69":{"start":{"line":140,"column":8},"end":{"line":143,"column":9}},"70":{"start":{"line":141,"column":12},"end":{"line":141,"column":72}},"71":{"start":{"line":146,"column":8},"end":{"line":156,"column":9}},"72":{"start":{"line":147,"column":12},"end":{"line":151,"column":13}},"73":{"start":{"line":148,"column":16},"end":{"line":148,"column":24}},"74":{"start":{"line":149,"column":16},"end":{"line":149,"column":31}},"75":{"start":{"line":150,"column":16},"end":{"line":150,"column":39}},"76":{"start":{"line":152,"column":12},"end":{"line":152,"column":37}},"77":{"start":{"line":153,"column":12},"end":{"line":153,"column":24}},"78":{"start":{"line":154,"column":12},"end":{"line":154,"column":39}},"79":{"start":{"line":155,"column":12},"end":{"line":155,"column":23}},"80":{"start":{"line":159,"column":8},"end":{"line":169,"column":9}},"81":{"start":{"line":160,"column":8},"end":{"line":164,"column":9}},"82":{"start":{"line":161,"column":12},"end":{"line":161,"column":20}},"83":{"start":{"line":162,"column":12},"end":{"line":162,"column":27}},"84":{"start":{"line":163,"column":12},"end":{"line":163,"column":35}},"85":{"start":{"line":165,"column":8},"end":{"line":165,"column":33}},"86":{"start":{"line":166,"column":8},"end":{"line":166,"column":20}},"87":{"start":{"line":167,"column":8},"end":{"line":167,"column":35}},"88":{"start":{"line":168,"column":8},"end":{"line":168,"column":19}},"89":{"start":{"line":176,"column":19},"end":{"line":176,"column":28}},"90":{"start":{"line":178,"column":8},"end":{"line":181,"column":9}},"91":{"start":{"line":179,"column":12},"end":{"line":179,"column":31}},"92":{"start":{"line":180,"column":12},"end":{"line":180,"column":29}},"93":{"start":{"line":182,"column":8},"end":{"line":182,"column":20}},"94":{"start":{"line":186,"column":19},"end":{"line":186,"column":28}},"95":{"start":{"line":187,"column":20},"end":{"line":187,"column":22}},"96":{"start":{"line":188,"column":8},"end":{"line":191,"column":9}},"97":{"start":{"line":189,"column":12},"end":{"line":189,"column":36}},"98":{"start":{"line":190,"column":12},"end":{"line":190,"column":29}},"99":{"start":{"line":192,"column":8},"end":{"line":192,"column":56}},"100":{"start":{"line":192,"column":41},"end":{"line":192,"column":53}},"101":{"start":{"line":196,"column":19},"end":{"line":196,"column":28}},"102":{"start":{"line":197,"column":20},"end":{"line":197,"column":22}},"103":{"start":{"line":198,"column":8},"end":{"line":201,"column":9}},"104":{"start":{"line":199,"column":12},"end":{"line":199,"column":36}},"105":{"start":{"line":200,"column":12},"end":{"line":200,"column":29}},"106":{"start":{"line":202,"column":8},"end":{"line":202,"column":31}},"107":{"start":{"line":208,"column":15},"end":{"line":208,"column":24}},"108":{"start":{"line":209,"column":14},"end":{"line":209,"column":16}},"109":{"start":{"line":210,"column":4},"end":{"line":213,"column":5}},"110":{"start":{"line":211,"column":8},"end":{"line":211,"column":35}},"111":{"start":{"line":212,"column":8},"end":{"line":212,"column":25}},"112":{"start":{"line":214,"column":4},"end":{"line":214,"column":22}},"113":{"start":{"line":219,"column":0},"end":{"line":219,"column":28}}},"fnMap":{"0":{"name":"(anonymous_0)","decl":{"start":{"line":3,"column":1},"end":{"line":3,"column":2}},"loc":{"start":{"line":3,"column":22},"end":{"line":6,"column":2}},"line":3},"1":{"name":"(anonymous_1)","decl":{"start":{"line":10,"column":1},"end":{"line":10,"column":2}},"loc":{"start":{"line":10,"column":15},"end":{"line":14,"column":2}},"line":10},"2":{"name":"(anonymous_2)","decl":{"start":{"line":18,"column":1},"end":{"line":18,"column":2}},"loc":{"start":{"line":18,"column":20},"end":{"line":37,"column":2}},"line":18},"3":{"name":"(anonymous_3)","decl":{"start":{"line":39,"column":1},"end":{"line":39,"column":2}},"loc":{"start":{"line":39,"column":20},"end":{"line":48,"column":2}},"line":39},"4":{"name":"(anonymous_4)","decl":{"start":{"line":50,"column":4},"end":{"line":50,"column":5}},"loc":{"start":{"line":50,"column":24},"end":{"line":92,"column":5}},"line":50},"5":{"name":"(anonymous_5)","decl":{"start":{"line":94,"column":4},"end":{"line":94,"column":5}},"loc":{"start":{"line":94,"column":17},"end":{"line":107,"column":5}},"line":94},"6":{"name":"(anonymous_6)","decl":{"start":{"line":110,"column":1},"end":{"line":110,"column":2}},"loc":{"start":{"line":110,"column":14},"end":{"line":132,"column":2}},"line":110},"7":{"name":"(anonymous_7)","decl":{"start":{"line":134,"column":4},"end":{"line":134,"column":5}},"loc":{"start":{"line":134,"column":18},"end":{"line":171,"column":5}},"line":134},"8":{"name":"(anonymous_8)","decl":{"start":{"line":174,"column":4},"end":{"line":174,"column":5}},"loc":{"start":{"line":174,"column":13},"end":{"line":183,"column":5}},"line":174},"9":{"name":"(anonymous_9)","decl":{"start":{"line":185,"column":4},"end":{"line":185,"column":5}},"loc":{"start":{"line":185,"column":15},"end":{"line":193,"column":5}},"line":185},"10":{"name":"(anonymous_10)","decl":{"start":{"line":192,"column":26},"end":{"line":192,"column":27}},"loc":{"start":{"line":192,"column":40},"end":{"line":192,"column":54}},"line":192},"11":{"name":"(anonymous_11)","decl":{"start":{"line":195,"column":4},"end":{"line":195,"column":5}},"loc":{"start":{"line":195,"column":17},"end":{"line":203,"column":5}},"line":195},"12":{"name":"(anonymous_12)","decl":{"start":{"line":206,"column":4},"end":{"line":206,"column":5}},"loc":{"start":{"line":206,"column":16},"end":{"line":215,"column":5}},"line":206}},"branchMap":{"0":{"loc":{"start":{"line":22,"column":2},"end":{"line":34,"column":3}},"type":"if","locations":[{"start":{"line":22,"column":2},"end":{"line":34,"column":3}},{"start":{"line":24,"column":7},"end":{"line":34,"column":3}}],"line":22},"1":{"loc":{"start":{"line":57,"column":8},"end":{"line":60,"column":9}},"type":"if","locations":[{"start":{"line":57,"column":8},"end":{"line":60,"column":9}},{"start":{},"end":{}}],"line":57},"2":{"loc":{"start":{"line":62,"column":8},"end":{"line":76,"column":9}},"type":"if","locations":[{"start":{"line":62,"column":8},"end":{"line":76,"column":9}},{"start":{},"end":{}}],"line":62},"3":{"loc":{"start":{"line":78,"column":8},"end":{"line":90,"column":9}},"type":"if","locations":[{"start":{"line":78,"column":8},"end":{"line":90,"column":9}},{"start":{},"end":{}}],"line":78},"4":{"loc":{"start":{"line":95,"column":8},"end":{"line":105,"column":9}},"type":"if","locations":[{"start":{"line":95,"column":8},"end":{"line":105,"column":9}},{"start":{"line":103,"column":12},"end":{"line":105,"column":9}}],"line":95},"5":{"loc":{"start":{"line":117,"column":8},"end":{"line":119,"column":9}},"type":"if","locations":[{"start":{"line":117,"column":8},"end":{"line":119,"column":9}},{"start":{},"end":{}}],"line":117},"6":{"loc":{"start":{"line":140,"column":8},"end":{"line":143,"column":9}},"type":"if","locations":[{"start":{"line":140,"column":8},"end":{"line":143,"column":9}},{"start":{},"end":{}}],"line":140},"7":{"loc":{"start":{"line":146,"column":8},"end":{"line":156,"column":9}},"type":"if","locations":[{"start":{"line":146,"column":8},"end":{"line":156,"column":9}},{"start":{},"end":{}}],"line":146},"8":{"loc":{"start":{"line":146,"column":11},"end":{"line":146,"column":49}},"type":"binary-expr","locations":[{"start":{"line":146,"column":11},"end":{"line":146,"column":30}},{"start":{"line":146,"column":34},"end":{"line":146,"column":49}}],"line":146},"9":{"loc":{"start":{"line":159,"column":8},"end":{"line":169,"column":9}},"type":"if","locations":[{"start":{"line":159,"column":8},"end":{"line":169,"column":9}},{"start":{},"end":{}}],"line":159}},"s":{"0":35,"1":35,"2":11,"3":11,"4":11,"5":20,"6":20,"7":3,"8":17,"9":17,"10":12,"11":17,"12":17,"13":20,"14":20,"15":12,"16":12,"17":12,"18":12,"19":12,"20":12,"21":3,"22":3,"23":3,"24":3,"25":1,"26":1,"27":2,"28":1,"29":1,"30":1,"31":1,"32":1,"33":1,"34":1,"35":1,"36":1,"37":1,"38":1,"39":1,"40":1,"41":1,"42":1,"43":1,"44":1,"45":1,"46":1,"47":2,"48":1,"49":1,"50":1,"51":1,"52":1,"53":1,"54":3,"55":3,"56":3,"57":3,"58":1,"59":2,"60":4,"61":4,"62":4,"63":2,"64":2,"65":2,"66":2,"67":5,"68":5,"69":5,"70":3,"71":2,"72":1,"73":2,"74":2,"75":2,"76":1,"77":1,"78":1,"79":1,"80":1,"81":1,"82":1,"83":1,"84":1,"85":1,"86":1,"87":1,"88":1,"89":39,"90":39,"91":96,"92":96,"93":39,"94":2,"95":2,"96":2,"97":6,"98":6,"99":2,"100":8,"101":2,"102":2,"103":2,"104":8,"105":8,"106":2,"107":3,"108":3,"109":3,"110":10,"111":10,"112":3,"113":1},"f":{"0":35,"1":11,"2":20,"3":12,"4":3,"5":2,"6":3,"7":5,"8":39,"9":2,"10":8,"11":2,"12":3},"b":{"0":[3,17],"1":[1,2],"2":[1,1],"3":[1,0],"4":[1,1],"5":[1,2],"6":[3,2],"7":[1,1],"8":[2,1],"9":[1,0]},"_coverageSchema":"1a1c01bbd47fc00a2c39e90264f33305004495a9","hash":"e8354f2f46c335369bdda559a36efcb3d2a44cf5"}
}
