TN:
SF:linkedList.js
FN:3,(anonymous_0)
FN:10,(anonymous_1)
FN:18,(anonymous_2)
FN:39,(anonymous_3)
FN:50,(anonymous_4)
FN:94,(anonymous_5)
FN:110,(anonymous_6)
FN:134,(anonymous_7)
FN:174,(anonymous_8)
FN:185,(anonymous_9)
FN:192,(anonymous_10)
FN:195,(anonymous_11)
FN:206,(anonymous_12)
FNF:13
FNH:13
FNDA:35,(anonymous_0)
FNDA:11,(anonymous_1)
FNDA:20,(anonymous_2)
FNDA:12,(anonymous_3)
FNDA:3,(anonymous_4)
FNDA:2,(anonymous_5)
FNDA:3,(anonymous_6)
FNDA:5,(anonymous_7)
FNDA:39,(anonymous_8)
FNDA:2,(anonymous_9)
FNDA:8,(anonymous_10)
FNDA:2,(anonymous_11)
FNDA:3,(anonymous_12)
DA:4,35
DA:5,35
DA:11,11
DA:12,11
DA:13,11
DA:19,20
DA:22,20
DA:23,3
DA:25,17
DA:28,17
DA:29,12
DA:32,17
DA:33,17
DA:35,20
DA:36,20
DA:41,12
DA:42,12
DA:43,12
DA:45,12
DA:46,12
DA:47,12
DA:51,3
DA:53,3
DA:55,3
DA:57,3
DA:58,1
DA:59,1
DA:62,2
DA:64,1
DA:65,1
DA:67,1
DA:68,1
DA:71,1
DA:72,1
DA:73,1
DA:74,1
DA:75,1
DA:78,1
DA:80,1
DA:81,1
DA:82,1
DA:83,1
DA:85,1
DA:86,1
DA:87,1
DA:88,1
DA:89,1
DA:95,2
DA:96,1
DA:98,1
DA:99,1
DA:100,1
DA:101,1
DA:104,1
DA:112,3
DA:114,3
DA:115,3
DA:117,3
DA:118,1
DA:122,2
DA:123,4
DA:124,4
DA:125,4
DA:128,2
DA:129,2
DA:130,2
DA:131,2
DA:136,5
DA:137,5
DA:140,5
DA:141,3
DA:146,2
DA:147,1
DA:148,2
DA:149,2
DA:150,2
DA:152,1
DA:153,1
DA:154,1
DA:155,1
DA:159,1
DA:160,1
DA:161,1
DA:162,1
DA:163,1
DA:165,1
DA:166,1
DA:167,1
DA:168,1
DA:176,39
DA:178,39
DA:179,96
DA:180,96
DA:182,39
DA:186,2
DA:187,2
DA:188,2
DA:189,6
DA:190,6
DA:192,8
DA:196,2
DA:197,2
DA:198,2
DA:199,8
DA:200,8
DA:202,2
DA:208,3
DA:209,3
DA:210,3
DA:211,10
DA:212,10
DA:214,3
DA:219,1
LF:113
LH:113
BRDA:22,0,0,3
BRDA:22,0,1,17
BRDA:57,1,0,1
BRDA:57,1,1,2
BRDA:62,2,0,1
BRDA:62,2,1,1
BRDA:78,3,0,1
BRDA:78,3,1,0
BRDA:95,4,0,1
BRDA:95,4,1,1
BRDA:117,5,0,1
BRDA:117,5,1,2
BRDA:140,6,0,3
BRDA:140,6,1,2
BRDA:146,7,0,1
BRDA:146,7,1,1
BRDA:146,8,0,2
BRDA:146,8,1,1
BRDA:159,9,0,1
BRDA:159,9,1,0
BRF:20
BRH:18
end_of_record
